   1               		.file	"ConfigDescriptor.c"
   2               	__SP_H__ = 0x3e
   3               	__SP_L__ = 0x3d
   4               	__SREG__ = 0x3f
   5               	__tmp_reg__ = 0
   6               	__zero_reg__ = 1
   7               		.text
   8               	.Ltext0:
   9               		.cfi_sections	.debug_frame
  10               		.section	.text.USB_GetNextDescriptorOfType,"ax",@progbits
  11               	.global	USB_GetNextDescriptorOfType
  13               	USB_GetNextDescriptorOfType:
  14               	.LVL0:
  15               	.LFB82:
  16               		.file 1 "../../LUFA-111009/LUFA/Drivers/USB/Core/ConfigDescriptor.c"
   1:../../LUFA-111009/LUFA/Drivers/USB/Core/ConfigDescriptor.c **** /*
   2:../../LUFA-111009/LUFA/Drivers/USB/Core/ConfigDescriptor.c ****              LUFA Library
   3:../../LUFA-111009/LUFA/Drivers/USB/Core/ConfigDescriptor.c ****      Copyright (C) Dean Camera, 2011.
   4:../../LUFA-111009/LUFA/Drivers/USB/Core/ConfigDescriptor.c **** 
   5:../../LUFA-111009/LUFA/Drivers/USB/Core/ConfigDescriptor.c ****   dean [at] fourwalledcubicle [dot] com
   6:../../LUFA-111009/LUFA/Drivers/USB/Core/ConfigDescriptor.c ****            www.lufa-lib.org
   7:../../LUFA-111009/LUFA/Drivers/USB/Core/ConfigDescriptor.c **** */
   8:../../LUFA-111009/LUFA/Drivers/USB/Core/ConfigDescriptor.c **** 
   9:../../LUFA-111009/LUFA/Drivers/USB/Core/ConfigDescriptor.c **** /*
  10:../../LUFA-111009/LUFA/Drivers/USB/Core/ConfigDescriptor.c ****   Copyright 2011  Dean Camera (dean [at] fourwalledcubicle [dot] com)
  11:../../LUFA-111009/LUFA/Drivers/USB/Core/ConfigDescriptor.c **** 
  12:../../LUFA-111009/LUFA/Drivers/USB/Core/ConfigDescriptor.c ****   Permission to use, copy, modify, distribute, and sell this
  13:../../LUFA-111009/LUFA/Drivers/USB/Core/ConfigDescriptor.c ****   software and its documentation for any purpose is hereby granted
  14:../../LUFA-111009/LUFA/Drivers/USB/Core/ConfigDescriptor.c ****   without fee, provided that the above copyright notice appear in
  15:../../LUFA-111009/LUFA/Drivers/USB/Core/ConfigDescriptor.c ****   all copies and that both that the copyright notice and this
  16:../../LUFA-111009/LUFA/Drivers/USB/Core/ConfigDescriptor.c ****   permission notice and warranty disclaimer appear in supporting
  17:../../LUFA-111009/LUFA/Drivers/USB/Core/ConfigDescriptor.c ****   documentation, and that the name of the author not be used in
  18:../../LUFA-111009/LUFA/Drivers/USB/Core/ConfigDescriptor.c ****   advertising or publicity pertaining to distribution of the
  19:../../LUFA-111009/LUFA/Drivers/USB/Core/ConfigDescriptor.c ****   software without specific, written prior permission.
  20:../../LUFA-111009/LUFA/Drivers/USB/Core/ConfigDescriptor.c **** 
  21:../../LUFA-111009/LUFA/Drivers/USB/Core/ConfigDescriptor.c ****   The author disclaim all warranties with regard to this
  22:../../LUFA-111009/LUFA/Drivers/USB/Core/ConfigDescriptor.c ****   software, including all implied warranties of merchantability
  23:../../LUFA-111009/LUFA/Drivers/USB/Core/ConfigDescriptor.c ****   and fitness.  In no event shall the author be liable for any
  24:../../LUFA-111009/LUFA/Drivers/USB/Core/ConfigDescriptor.c ****   special, indirect or consequential damages or any damages
  25:../../LUFA-111009/LUFA/Drivers/USB/Core/ConfigDescriptor.c ****   whatsoever resulting from loss of use, data or profits, whether
  26:../../LUFA-111009/LUFA/Drivers/USB/Core/ConfigDescriptor.c ****   in an action of contract, negligence or other tortious action,
  27:../../LUFA-111009/LUFA/Drivers/USB/Core/ConfigDescriptor.c ****   arising out of or in connection with the use or performance of
  28:../../LUFA-111009/LUFA/Drivers/USB/Core/ConfigDescriptor.c ****   this software.
  29:../../LUFA-111009/LUFA/Drivers/USB/Core/ConfigDescriptor.c **** */
  30:../../LUFA-111009/LUFA/Drivers/USB/Core/ConfigDescriptor.c **** 
  31:../../LUFA-111009/LUFA/Drivers/USB/Core/ConfigDescriptor.c **** #define  __INCLUDE_FROM_USB_DRIVER
  32:../../LUFA-111009/LUFA/Drivers/USB/Core/ConfigDescriptor.c **** #include "ConfigDescriptor.h"
  33:../../LUFA-111009/LUFA/Drivers/USB/Core/ConfigDescriptor.c **** 
  34:../../LUFA-111009/LUFA/Drivers/USB/Core/ConfigDescriptor.c **** #if defined(USB_CAN_BE_HOST)
  35:../../LUFA-111009/LUFA/Drivers/USB/Core/ConfigDescriptor.c **** uint8_t USB_Host_GetDeviceConfigDescriptor(const uint8_t ConfigNumber,
  36:../../LUFA-111009/LUFA/Drivers/USB/Core/ConfigDescriptor.c ****                                            uint16_t* const ConfigSizePtr,
  37:../../LUFA-111009/LUFA/Drivers/USB/Core/ConfigDescriptor.c ****                                            void* const BufferPtr,
  38:../../LUFA-111009/LUFA/Drivers/USB/Core/ConfigDescriptor.c ****                                            const uint16_t BufferSize)
  39:../../LUFA-111009/LUFA/Drivers/USB/Core/ConfigDescriptor.c **** {
  40:../../LUFA-111009/LUFA/Drivers/USB/Core/ConfigDescriptor.c **** 	uint8_t ErrorCode;
  41:../../LUFA-111009/LUFA/Drivers/USB/Core/ConfigDescriptor.c **** 	uint8_t ConfigHeader[sizeof(USB_Descriptor_Configuration_Header_t)];
  42:../../LUFA-111009/LUFA/Drivers/USB/Core/ConfigDescriptor.c **** 
  43:../../LUFA-111009/LUFA/Drivers/USB/Core/ConfigDescriptor.c **** 	USB_ControlRequest = (USB_Request_Header_t)
  44:../../LUFA-111009/LUFA/Drivers/USB/Core/ConfigDescriptor.c **** 		{
  45:../../LUFA-111009/LUFA/Drivers/USB/Core/ConfigDescriptor.c **** 			.bmRequestType = (REQDIR_DEVICETOHOST | REQTYPE_STANDARD | REQREC_DEVICE),
  46:../../LUFA-111009/LUFA/Drivers/USB/Core/ConfigDescriptor.c **** 			.bRequest      = REQ_GetDescriptor,
  47:../../LUFA-111009/LUFA/Drivers/USB/Core/ConfigDescriptor.c **** 			.wValue        = ((DTYPE_Configuration << 8) | (ConfigNumber - 1)),
  48:../../LUFA-111009/LUFA/Drivers/USB/Core/ConfigDescriptor.c **** 			.wIndex        = 0,
  49:../../LUFA-111009/LUFA/Drivers/USB/Core/ConfigDescriptor.c **** 			.wLength       = sizeof(USB_Descriptor_Configuration_Header_t),
  50:../../LUFA-111009/LUFA/Drivers/USB/Core/ConfigDescriptor.c **** 		};
  51:../../LUFA-111009/LUFA/Drivers/USB/Core/ConfigDescriptor.c **** 
  52:../../LUFA-111009/LUFA/Drivers/USB/Core/ConfigDescriptor.c **** 	Pipe_SelectPipe(PIPE_CONTROLPIPE);
  53:../../LUFA-111009/LUFA/Drivers/USB/Core/ConfigDescriptor.c **** 
  54:../../LUFA-111009/LUFA/Drivers/USB/Core/ConfigDescriptor.c **** 	if ((ErrorCode = USB_Host_SendControlRequest(ConfigHeader)) != HOST_SENDCONTROL_Successful)
  55:../../LUFA-111009/LUFA/Drivers/USB/Core/ConfigDescriptor.c **** 	  return ErrorCode;
  56:../../LUFA-111009/LUFA/Drivers/USB/Core/ConfigDescriptor.c **** 
  57:../../LUFA-111009/LUFA/Drivers/USB/Core/ConfigDescriptor.c **** 	*ConfigSizePtr = le16_to_cpu(DESCRIPTOR_PCAST(ConfigHeader, USB_Descriptor_Configuration_Header_t)
  58:../../LUFA-111009/LUFA/Drivers/USB/Core/ConfigDescriptor.c **** 
  59:../../LUFA-111009/LUFA/Drivers/USB/Core/ConfigDescriptor.c **** 	if (*ConfigSizePtr > BufferSize)
  60:../../LUFA-111009/LUFA/Drivers/USB/Core/ConfigDescriptor.c **** 	  return HOST_GETCONFIG_BuffOverflow;
  61:../../LUFA-111009/LUFA/Drivers/USB/Core/ConfigDescriptor.c **** 
  62:../../LUFA-111009/LUFA/Drivers/USB/Core/ConfigDescriptor.c **** 	USB_ControlRequest.wLength = *ConfigSizePtr;
  63:../../LUFA-111009/LUFA/Drivers/USB/Core/ConfigDescriptor.c **** 
  64:../../LUFA-111009/LUFA/Drivers/USB/Core/ConfigDescriptor.c **** 	if ((ErrorCode = USB_Host_SendControlRequest(BufferPtr)) != HOST_SENDCONTROL_Successful)
  65:../../LUFA-111009/LUFA/Drivers/USB/Core/ConfigDescriptor.c **** 	  return ErrorCode;
  66:../../LUFA-111009/LUFA/Drivers/USB/Core/ConfigDescriptor.c **** 
  67:../../LUFA-111009/LUFA/Drivers/USB/Core/ConfigDescriptor.c **** 	if (DESCRIPTOR_TYPE(BufferPtr) != DTYPE_Configuration)
  68:../../LUFA-111009/LUFA/Drivers/USB/Core/ConfigDescriptor.c **** 	  return HOST_GETCONFIG_InvalidData;
  69:../../LUFA-111009/LUFA/Drivers/USB/Core/ConfigDescriptor.c **** 
  70:../../LUFA-111009/LUFA/Drivers/USB/Core/ConfigDescriptor.c **** 	return HOST_GETCONFIG_Successful;
  71:../../LUFA-111009/LUFA/Drivers/USB/Core/ConfigDescriptor.c **** }
  72:../../LUFA-111009/LUFA/Drivers/USB/Core/ConfigDescriptor.c **** #endif
  73:../../LUFA-111009/LUFA/Drivers/USB/Core/ConfigDescriptor.c **** 
  74:../../LUFA-111009/LUFA/Drivers/USB/Core/ConfigDescriptor.c **** void USB_GetNextDescriptorOfType(uint16_t* const BytesRem,
  75:../../LUFA-111009/LUFA/Drivers/USB/Core/ConfigDescriptor.c ****                                  void** const CurrConfigLoc,
  76:../../LUFA-111009/LUFA/Drivers/USB/Core/ConfigDescriptor.c ****                                  const uint8_t Type)
  77:../../LUFA-111009/LUFA/Drivers/USB/Core/ConfigDescriptor.c **** {
  17               		.loc 1 77 1 view -0
  18               		.cfi_startproc
  19               		.loc 1 77 1 is_stmt 0 view .LVU1
  20 0000 CF93      		push r28
  21               	.LCFI0:
  22               		.cfi_def_cfa_offset 3
  23               		.cfi_offset 28, -2
  24 0002 DF93      		push r29
  25               	.LCFI1:
  26               		.cfi_def_cfa_offset 4
  27               		.cfi_offset 29, -3
  28               	/* prologue: function */
  29               	/* frame size = 0 */
  30               	/* stack size = 2 */
  31               	.L__stack_usage = 2
  32 0004 FC01      		movw r30,r24
  33 0006 DB01      		movw r26,r22
  78:../../LUFA-111009/LUFA/Drivers/USB/Core/ConfigDescriptor.c **** 	while (*BytesRem)
  34               		.loc 1 78 2 is_stmt 1 view .LVU2
  35               	.LVL1:
  36               	.L2:
  37               		.loc 1 78 8 view .LVU3
  38               		.loc 1 78 9 is_stmt 0 view .LVU4
  39 0008 8081      		ld r24,Z
  40 000a 9181      		ldd r25,Z+1
  41               		.loc 1 78 8 view .LVU5
  42 000c 0097      		sbiw r24,0
  43 000e 01F0      		breq .L1
  79:../../LUFA-111009/LUFA/Drivers/USB/Core/ConfigDescriptor.c **** 	{
  80:../../LUFA-111009/LUFA/Drivers/USB/Core/ConfigDescriptor.c **** 		USB_GetNextDescriptor(BytesRem, CurrConfigLoc);
  44               		.loc 1 80 3 is_stmt 1 view .LVU6
  45               	.LVL2:
  46               	.LBB4:
  47               	.LBI4:
  48               		.file 2 "../../LUFA-111009/LUFA/Drivers/USB/Core/ConfigDescriptor.h"
   1:../../LUFA-111009/LUFA/Drivers/USB/Core/ConfigDescriptor.h **** /*
   2:../../LUFA-111009/LUFA/Drivers/USB/Core/ConfigDescriptor.h ****              LUFA Library
   3:../../LUFA-111009/LUFA/Drivers/USB/Core/ConfigDescriptor.h ****      Copyright (C) Dean Camera, 2011.
   4:../../LUFA-111009/LUFA/Drivers/USB/Core/ConfigDescriptor.h **** 
   5:../../LUFA-111009/LUFA/Drivers/USB/Core/ConfigDescriptor.h ****   dean [at] fourwalledcubicle [dot] com
   6:../../LUFA-111009/LUFA/Drivers/USB/Core/ConfigDescriptor.h ****            www.lufa-lib.org
   7:../../LUFA-111009/LUFA/Drivers/USB/Core/ConfigDescriptor.h **** */
   8:../../LUFA-111009/LUFA/Drivers/USB/Core/ConfigDescriptor.h **** 
   9:../../LUFA-111009/LUFA/Drivers/USB/Core/ConfigDescriptor.h **** /*
  10:../../LUFA-111009/LUFA/Drivers/USB/Core/ConfigDescriptor.h ****   Copyright 2011  Dean Camera (dean [at] fourwalledcubicle [dot] com)
  11:../../LUFA-111009/LUFA/Drivers/USB/Core/ConfigDescriptor.h **** 
  12:../../LUFA-111009/LUFA/Drivers/USB/Core/ConfigDescriptor.h ****   Permission to use, copy, modify, distribute, and sell this
  13:../../LUFA-111009/LUFA/Drivers/USB/Core/ConfigDescriptor.h ****   software and its documentation for any purpose is hereby granted
  14:../../LUFA-111009/LUFA/Drivers/USB/Core/ConfigDescriptor.h ****   without fee, provided that the above copyright notice appear in
  15:../../LUFA-111009/LUFA/Drivers/USB/Core/ConfigDescriptor.h ****   all copies and that both that the copyright notice and this
  16:../../LUFA-111009/LUFA/Drivers/USB/Core/ConfigDescriptor.h ****   permission notice and warranty disclaimer appear in supporting
  17:../../LUFA-111009/LUFA/Drivers/USB/Core/ConfigDescriptor.h ****   documentation, and that the name of the author not be used in
  18:../../LUFA-111009/LUFA/Drivers/USB/Core/ConfigDescriptor.h ****   advertising or publicity pertaining to distribution of the
  19:../../LUFA-111009/LUFA/Drivers/USB/Core/ConfigDescriptor.h ****   software without specific, written prior permission.
  20:../../LUFA-111009/LUFA/Drivers/USB/Core/ConfigDescriptor.h **** 
  21:../../LUFA-111009/LUFA/Drivers/USB/Core/ConfigDescriptor.h ****   The author disclaim all warranties with regard to this
  22:../../LUFA-111009/LUFA/Drivers/USB/Core/ConfigDescriptor.h ****   software, including all implied warranties of merchantability
  23:../../LUFA-111009/LUFA/Drivers/USB/Core/ConfigDescriptor.h ****   and fitness.  In no event shall the author be liable for any
  24:../../LUFA-111009/LUFA/Drivers/USB/Core/ConfigDescriptor.h ****   special, indirect or consequential damages or any damages
  25:../../LUFA-111009/LUFA/Drivers/USB/Core/ConfigDescriptor.h ****   whatsoever resulting from loss of use, data or profits, whether
  26:../../LUFA-111009/LUFA/Drivers/USB/Core/ConfigDescriptor.h ****   in an action of contract, negligence or other tortious action,
  27:../../LUFA-111009/LUFA/Drivers/USB/Core/ConfigDescriptor.h ****   arising out of or in connection with the use or performance of
  28:../../LUFA-111009/LUFA/Drivers/USB/Core/ConfigDescriptor.h ****   this software.
  29:../../LUFA-111009/LUFA/Drivers/USB/Core/ConfigDescriptor.h **** */
  30:../../LUFA-111009/LUFA/Drivers/USB/Core/ConfigDescriptor.h **** 
  31:../../LUFA-111009/LUFA/Drivers/USB/Core/ConfigDescriptor.h **** /** \file
  32:../../LUFA-111009/LUFA/Drivers/USB/Core/ConfigDescriptor.h ****  *  \brief USB Configuration Descriptor definitions.
  33:../../LUFA-111009/LUFA/Drivers/USB/Core/ConfigDescriptor.h ****  *  \copydetails Group_ConfigDescriptorParser
  34:../../LUFA-111009/LUFA/Drivers/USB/Core/ConfigDescriptor.h ****  *
  35:../../LUFA-111009/LUFA/Drivers/USB/Core/ConfigDescriptor.h ****  *  \note This file should not be included directly. It is automatically included as needed by the 
  36:../../LUFA-111009/LUFA/Drivers/USB/Core/ConfigDescriptor.h ****  *        dispatch header located in LUFA/Drivers/USB/USB.h.
  37:../../LUFA-111009/LUFA/Drivers/USB/Core/ConfigDescriptor.h ****  */
  38:../../LUFA-111009/LUFA/Drivers/USB/Core/ConfigDescriptor.h **** 
  39:../../LUFA-111009/LUFA/Drivers/USB/Core/ConfigDescriptor.h **** /** \ingroup Group_Descriptors
  40:../../LUFA-111009/LUFA/Drivers/USB/Core/ConfigDescriptor.h ****  *  \defgroup Group_ConfigDescriptorParser Configuration Descriptor Parser
  41:../../LUFA-111009/LUFA/Drivers/USB/Core/ConfigDescriptor.h ****  *  \brief USB Configuration Descriptor definitions.
  42:../../LUFA-111009/LUFA/Drivers/USB/Core/ConfigDescriptor.h ****  *
  43:../../LUFA-111009/LUFA/Drivers/USB/Core/ConfigDescriptor.h ****  *  This section of the library gives a friendly API which can be used in host applications to easi
  44:../../LUFA-111009/LUFA/Drivers/USB/Core/ConfigDescriptor.h ****  *  parse an attached device's configuration descriptor so that endpoint, interface and other descr
  45:../../LUFA-111009/LUFA/Drivers/USB/Core/ConfigDescriptor.h ****  *  data can be extracted and used as needed.
  46:../../LUFA-111009/LUFA/Drivers/USB/Core/ConfigDescriptor.h ****  *
  47:../../LUFA-111009/LUFA/Drivers/USB/Core/ConfigDescriptor.h ****  *  @{
  48:../../LUFA-111009/LUFA/Drivers/USB/Core/ConfigDescriptor.h ****  */
  49:../../LUFA-111009/LUFA/Drivers/USB/Core/ConfigDescriptor.h **** 
  50:../../LUFA-111009/LUFA/Drivers/USB/Core/ConfigDescriptor.h **** #ifndef __CONFIGDESCRIPTOR_H__
  51:../../LUFA-111009/LUFA/Drivers/USB/Core/ConfigDescriptor.h **** #define __CONFIGDESCRIPTOR_H__
  52:../../LUFA-111009/LUFA/Drivers/USB/Core/ConfigDescriptor.h **** 
  53:../../LUFA-111009/LUFA/Drivers/USB/Core/ConfigDescriptor.h **** 	/* Includes: */
  54:../../LUFA-111009/LUFA/Drivers/USB/Core/ConfigDescriptor.h **** 		#include "../../../Common/Common.h"
  55:../../LUFA-111009/LUFA/Drivers/USB/Core/ConfigDescriptor.h **** 		#include "USBMode.h"		
  56:../../LUFA-111009/LUFA/Drivers/USB/Core/ConfigDescriptor.h **** 		#include "HostStandardReq.h"
  57:../../LUFA-111009/LUFA/Drivers/USB/Core/ConfigDescriptor.h **** 		#include "StdDescriptors.h"
  58:../../LUFA-111009/LUFA/Drivers/USB/Core/ConfigDescriptor.h **** 
  59:../../LUFA-111009/LUFA/Drivers/USB/Core/ConfigDescriptor.h **** 	/* Enable C linkage for C++ Compilers: */
  60:../../LUFA-111009/LUFA/Drivers/USB/Core/ConfigDescriptor.h **** 		#if defined(__cplusplus)
  61:../../LUFA-111009/LUFA/Drivers/USB/Core/ConfigDescriptor.h **** 			extern "C" {
  62:../../LUFA-111009/LUFA/Drivers/USB/Core/ConfigDescriptor.h **** 		#endif
  63:../../LUFA-111009/LUFA/Drivers/USB/Core/ConfigDescriptor.h **** 
  64:../../LUFA-111009/LUFA/Drivers/USB/Core/ConfigDescriptor.h **** 	/* Preprocessor Checks: */
  65:../../LUFA-111009/LUFA/Drivers/USB/Core/ConfigDescriptor.h **** 		#if !defined(__INCLUDE_FROM_USB_DRIVER)
  66:../../LUFA-111009/LUFA/Drivers/USB/Core/ConfigDescriptor.h **** 			#error Do not include this file directly. Include LUFA/Drivers/USB/USB.h instead.
  67:../../LUFA-111009/LUFA/Drivers/USB/Core/ConfigDescriptor.h **** 		#endif
  68:../../LUFA-111009/LUFA/Drivers/USB/Core/ConfigDescriptor.h **** 
  69:../../LUFA-111009/LUFA/Drivers/USB/Core/ConfigDescriptor.h **** 	/* Public Interface - May be used in end-application: */
  70:../../LUFA-111009/LUFA/Drivers/USB/Core/ConfigDescriptor.h **** 		/* Macros: */
  71:../../LUFA-111009/LUFA/Drivers/USB/Core/ConfigDescriptor.h **** 			/** Casts a pointer to a descriptor inside the configuration descriptor into a pointer to the gi
  72:../../LUFA-111009/LUFA/Drivers/USB/Core/ConfigDescriptor.h **** 			 *  descriptor type.
  73:../../LUFA-111009/LUFA/Drivers/USB/Core/ConfigDescriptor.h **** 			 *
  74:../../LUFA-111009/LUFA/Drivers/USB/Core/ConfigDescriptor.h **** 			 *  Usage Example:
  75:../../LUFA-111009/LUFA/Drivers/USB/Core/ConfigDescriptor.h **** 			 *  \code
  76:../../LUFA-111009/LUFA/Drivers/USB/Core/ConfigDescriptor.h **** 			 *  uint8_t* CurrDescriptor = &ConfigDescriptor[0]; // Pointing to the configuration header
  77:../../LUFA-111009/LUFA/Drivers/USB/Core/ConfigDescriptor.h **** 			 *  USB_Descriptor_Configuration_Header_t* ConfigHeaderPtr = DESCRIPTOR_PCAST(CurrDescriptor,
  78:../../LUFA-111009/LUFA/Drivers/USB/Core/ConfigDescriptor.h **** 			 *                                                           USB_Descriptor_Configuration_Header
  79:../../LUFA-111009/LUFA/Drivers/USB/Core/ConfigDescriptor.h **** 			 *
  80:../../LUFA-111009/LUFA/Drivers/USB/Core/ConfigDescriptor.h **** 			 *  // Can now access elements of the configuration header struct using the -> indirection opera
  81:../../LUFA-111009/LUFA/Drivers/USB/Core/ConfigDescriptor.h **** 			 *  \endcode
  82:../../LUFA-111009/LUFA/Drivers/USB/Core/ConfigDescriptor.h **** 			 */
  83:../../LUFA-111009/LUFA/Drivers/USB/Core/ConfigDescriptor.h **** 			#define DESCRIPTOR_PCAST(DescriptorPtr, Type) ((Type*)(DescriptorPtr))
  84:../../LUFA-111009/LUFA/Drivers/USB/Core/ConfigDescriptor.h **** 
  85:../../LUFA-111009/LUFA/Drivers/USB/Core/ConfigDescriptor.h **** 			/** Casts a pointer to a descriptor inside the configuration descriptor into the given descripto
  86:../../LUFA-111009/LUFA/Drivers/USB/Core/ConfigDescriptor.h **** 			 *  type (as an actual struct instance rather than a pointer to a struct).
  87:../../LUFA-111009/LUFA/Drivers/USB/Core/ConfigDescriptor.h **** 			 *
  88:../../LUFA-111009/LUFA/Drivers/USB/Core/ConfigDescriptor.h **** 			 *  Usage Example:
  89:../../LUFA-111009/LUFA/Drivers/USB/Core/ConfigDescriptor.h **** 			 *  \code
  90:../../LUFA-111009/LUFA/Drivers/USB/Core/ConfigDescriptor.h **** 			 *  uint8_t* CurrDescriptor = &ConfigDescriptor[0]; // Pointing to the configuration header
  91:../../LUFA-111009/LUFA/Drivers/USB/Core/ConfigDescriptor.h **** 			 *  USB_Descriptor_Configuration_Header_t ConfigHeader = DESCRIPTOR_CAST(CurrDescriptor,
  92:../../LUFA-111009/LUFA/Drivers/USB/Core/ConfigDescriptor.h **** 			 *                                                       USB_Descriptor_Configuration_Header_t);
  93:../../LUFA-111009/LUFA/Drivers/USB/Core/ConfigDescriptor.h **** 			 *
  94:../../LUFA-111009/LUFA/Drivers/USB/Core/ConfigDescriptor.h **** 			 *  // Can now access elements of the configuration header struct using the . operator
  95:../../LUFA-111009/LUFA/Drivers/USB/Core/ConfigDescriptor.h **** 			 *  \endcode
  96:../../LUFA-111009/LUFA/Drivers/USB/Core/ConfigDescriptor.h **** 			 */
  97:../../LUFA-111009/LUFA/Drivers/USB/Core/ConfigDescriptor.h **** 			#define DESCRIPTOR_CAST(DescriptorPtr, Type)  (*DESCRIPTOR_PCAST(DescriptorPtr, Type))
  98:../../LUFA-111009/LUFA/Drivers/USB/Core/ConfigDescriptor.h **** 
  99:../../LUFA-111009/LUFA/Drivers/USB/Core/ConfigDescriptor.h **** 			/** Returns the descriptor's type, expressed as the 8-bit type value in the header of the descri
 100:../../LUFA-111009/LUFA/Drivers/USB/Core/ConfigDescriptor.h **** 			 *  This value's meaning depends on the descriptor's placement in the descriptor, but standard t
 101:../../LUFA-111009/LUFA/Drivers/USB/Core/ConfigDescriptor.h **** 			 *  values can be accessed in the \ref USB_DescriptorTypes_t enum.
 102:../../LUFA-111009/LUFA/Drivers/USB/Core/ConfigDescriptor.h **** 			 */
 103:../../LUFA-111009/LUFA/Drivers/USB/Core/ConfigDescriptor.h **** 			#define DESCRIPTOR_TYPE(DescriptorPtr)    DESCRIPTOR_PCAST(DescriptorPtr, USB_Descriptor_Header_
 104:../../LUFA-111009/LUFA/Drivers/USB/Core/ConfigDescriptor.h **** 
 105:../../LUFA-111009/LUFA/Drivers/USB/Core/ConfigDescriptor.h **** 			/** Returns the descriptor's size, expressed as the 8-bit value indicating the number of bytes. 
 106:../../LUFA-111009/LUFA/Drivers/USB/Core/ConfigDescriptor.h **** 			#define DESCRIPTOR_SIZE(DescriptorPtr)    DESCRIPTOR_PCAST(DescriptorPtr, USB_Descriptor_Header_
 107:../../LUFA-111009/LUFA/Drivers/USB/Core/ConfigDescriptor.h **** 
 108:../../LUFA-111009/LUFA/Drivers/USB/Core/ConfigDescriptor.h **** 		/* Type Defines: */
 109:../../LUFA-111009/LUFA/Drivers/USB/Core/ConfigDescriptor.h **** 			/** Type define for a Configuration Descriptor comparator function (function taking a pointer to
 110:../../LUFA-111009/LUFA/Drivers/USB/Core/ConfigDescriptor.h **** 			 *  of type void, returning a uint8_t value).
 111:../../LUFA-111009/LUFA/Drivers/USB/Core/ConfigDescriptor.h **** 			 *
 112:../../LUFA-111009/LUFA/Drivers/USB/Core/ConfigDescriptor.h **** 			 *  \see \ref USB_GetNextDescriptorComp function for more details.
 113:../../LUFA-111009/LUFA/Drivers/USB/Core/ConfigDescriptor.h **** 			 */
 114:../../LUFA-111009/LUFA/Drivers/USB/Core/ConfigDescriptor.h **** 			typedef uint8_t (* ConfigComparatorPtr_t)(void*);
 115:../../LUFA-111009/LUFA/Drivers/USB/Core/ConfigDescriptor.h **** 
 116:../../LUFA-111009/LUFA/Drivers/USB/Core/ConfigDescriptor.h **** 		/* Enums: */
 117:../../LUFA-111009/LUFA/Drivers/USB/Core/ConfigDescriptor.h **** 			/** Enum for the possible return codes of the \ref USB_Host_GetDeviceConfigDescriptor() function
 118:../../LUFA-111009/LUFA/Drivers/USB/Core/ConfigDescriptor.h **** 			enum USB_Host_GetConfigDescriptor_ErrorCodes_t
 119:../../LUFA-111009/LUFA/Drivers/USB/Core/ConfigDescriptor.h **** 			{
 120:../../LUFA-111009/LUFA/Drivers/USB/Core/ConfigDescriptor.h **** 				HOST_GETCONFIG_Successful       = 0, /**< No error occurred while retrieving the configuration 
 121:../../LUFA-111009/LUFA/Drivers/USB/Core/ConfigDescriptor.h **** 				HOST_GETCONFIG_DeviceDisconnect = 1, /**< The attached device was disconnected while retrieving
 122:../../LUFA-111009/LUFA/Drivers/USB/Core/ConfigDescriptor.h **** 				                                        * descriptor.
 123:../../LUFA-111009/LUFA/Drivers/USB/Core/ConfigDescriptor.h **** 				                                        */
 124:../../LUFA-111009/LUFA/Drivers/USB/Core/ConfigDescriptor.h **** 				HOST_GETCONFIG_PipeError        = 2, /**< An error occurred in the pipe while sending the reque
 125:../../LUFA-111009/LUFA/Drivers/USB/Core/ConfigDescriptor.h **** 				HOST_GETCONFIG_SetupStalled     = 3, /**< The attached device stalled the request to retrieve t
 126:../../LUFA-111009/LUFA/Drivers/USB/Core/ConfigDescriptor.h **** 				                                        * descriptor.
 127:../../LUFA-111009/LUFA/Drivers/USB/Core/ConfigDescriptor.h **** 				                                        */
 128:../../LUFA-111009/LUFA/Drivers/USB/Core/ConfigDescriptor.h **** 				HOST_GETCONFIG_SoftwareTimeOut  = 4, /**< The request or data transfer timed out. */
 129:../../LUFA-111009/LUFA/Drivers/USB/Core/ConfigDescriptor.h **** 				HOST_GETCONFIG_BuffOverflow     = 5, /**< The device's configuration descriptor is too large to
 130:../../LUFA-111009/LUFA/Drivers/USB/Core/ConfigDescriptor.h **** 				                                        * buffer.
 131:../../LUFA-111009/LUFA/Drivers/USB/Core/ConfigDescriptor.h **** 				                                        */
 132:../../LUFA-111009/LUFA/Drivers/USB/Core/ConfigDescriptor.h **** 				HOST_GETCONFIG_InvalidData      = 6, /**< The device returned invalid configuration descriptor 
 133:../../LUFA-111009/LUFA/Drivers/USB/Core/ConfigDescriptor.h **** 			};
 134:../../LUFA-111009/LUFA/Drivers/USB/Core/ConfigDescriptor.h **** 
 135:../../LUFA-111009/LUFA/Drivers/USB/Core/ConfigDescriptor.h **** 			/** Enum for return values of a descriptor comparator function. */
 136:../../LUFA-111009/LUFA/Drivers/USB/Core/ConfigDescriptor.h **** 			enum DSearch_Return_ErrorCodes_t
 137:../../LUFA-111009/LUFA/Drivers/USB/Core/ConfigDescriptor.h **** 			{
 138:../../LUFA-111009/LUFA/Drivers/USB/Core/ConfigDescriptor.h **** 				DESCRIPTOR_SEARCH_Found                = 0, /**< Current descriptor matches comparator criteria
 139:../../LUFA-111009/LUFA/Drivers/USB/Core/ConfigDescriptor.h **** 				DESCRIPTOR_SEARCH_Fail                 = 1, /**< No further descriptor could possibly match cri
 140:../../LUFA-111009/LUFA/Drivers/USB/Core/ConfigDescriptor.h **** 				DESCRIPTOR_SEARCH_NotFound             = 2, /**< Current descriptor does not match comparator c
 141:../../LUFA-111009/LUFA/Drivers/USB/Core/ConfigDescriptor.h **** 			};
 142:../../LUFA-111009/LUFA/Drivers/USB/Core/ConfigDescriptor.h **** 
 143:../../LUFA-111009/LUFA/Drivers/USB/Core/ConfigDescriptor.h **** 			/** Enum for return values of \ref USB_GetNextDescriptorComp(). */
 144:../../LUFA-111009/LUFA/Drivers/USB/Core/ConfigDescriptor.h **** 			enum DSearch_Comp_Return_ErrorCodes_t
 145:../../LUFA-111009/LUFA/Drivers/USB/Core/ConfigDescriptor.h **** 			{
 146:../../LUFA-111009/LUFA/Drivers/USB/Core/ConfigDescriptor.h **** 				DESCRIPTOR_SEARCH_COMP_Found           = 0, /**< Configuration descriptor now points to descrip
 147:../../LUFA-111009/LUFA/Drivers/USB/Core/ConfigDescriptor.h **** 				                                             *   search criteria of the given comparator functi
 148:../../LUFA-111009/LUFA/Drivers/USB/Core/ConfigDescriptor.h **** 				DESCRIPTOR_SEARCH_COMP_Fail            = 1, /**< Comparator function returned \ref DESCRIPTOR_S
 149:../../LUFA-111009/LUFA/Drivers/USB/Core/ConfigDescriptor.h **** 				DESCRIPTOR_SEARCH_COMP_EndOfDescriptor = 2, /**< End of configuration descriptor reached before
 150:../../LUFA-111009/LUFA/Drivers/USB/Core/ConfigDescriptor.h **** 			};
 151:../../LUFA-111009/LUFA/Drivers/USB/Core/ConfigDescriptor.h **** 
 152:../../LUFA-111009/LUFA/Drivers/USB/Core/ConfigDescriptor.h **** 		/* Function Prototypes: */
 153:../../LUFA-111009/LUFA/Drivers/USB/Core/ConfigDescriptor.h **** 			/** Retrieves the configuration descriptor data from an attached device via a standard request i
 154:../../LUFA-111009/LUFA/Drivers/USB/Core/ConfigDescriptor.h **** 			 *  including validity and size checking to prevent a buffer overflow.
 155:../../LUFA-111009/LUFA/Drivers/USB/Core/ConfigDescriptor.h **** 			 *
 156:../../LUFA-111009/LUFA/Drivers/USB/Core/ConfigDescriptor.h **** 			 *  \param[in]     ConfigNumber   Device configuration descriptor number to fetch from the devic
 157:../../LUFA-111009/LUFA/Drivers/USB/Core/ConfigDescriptor.h **** 			 *                                single configuration devices).
 158:../../LUFA-111009/LUFA/Drivers/USB/Core/ConfigDescriptor.h **** 			 *  \param[in,out] ConfigSizePtr  Pointer to a location for storing the retrieved configuration 
 159:../../LUFA-111009/LUFA/Drivers/USB/Core/ConfigDescriptor.h **** 			 *  \param[out]    BufferPtr      Pointer to the buffer for storing the configuration descriptor
 160:../../LUFA-111009/LUFA/Drivers/USB/Core/ConfigDescriptor.h **** 			 *  \param[out]    BufferSize     Size of the allocated buffer where the configuration descripto
 161:../../LUFA-111009/LUFA/Drivers/USB/Core/ConfigDescriptor.h **** 			 *
 162:../../LUFA-111009/LUFA/Drivers/USB/Core/ConfigDescriptor.h **** 			 *  \return A value from the \ref USB_Host_GetConfigDescriptor_ErrorCodes_t enum.
 163:../../LUFA-111009/LUFA/Drivers/USB/Core/ConfigDescriptor.h **** 			 */
 164:../../LUFA-111009/LUFA/Drivers/USB/Core/ConfigDescriptor.h **** 			uint8_t USB_Host_GetDeviceConfigDescriptor(const uint8_t ConfigNumber,
 165:../../LUFA-111009/LUFA/Drivers/USB/Core/ConfigDescriptor.h **** 			                                           uint16_t* const ConfigSizePtr,
 166:../../LUFA-111009/LUFA/Drivers/USB/Core/ConfigDescriptor.h **** 			                                           void* const BufferPtr,
 167:../../LUFA-111009/LUFA/Drivers/USB/Core/ConfigDescriptor.h **** 			                                           const uint16_t BufferSize) ATTR_NON_NULL_PTR_ARG(2) A
 168:../../LUFA-111009/LUFA/Drivers/USB/Core/ConfigDescriptor.h **** 
 169:../../LUFA-111009/LUFA/Drivers/USB/Core/ConfigDescriptor.h **** 			/** Skips to the next sub-descriptor inside the configuration descriptor of the specified type v
 170:../../LUFA-111009/LUFA/Drivers/USB/Core/ConfigDescriptor.h **** 			 *  The bytes remaining value is automatically decremented.
 171:../../LUFA-111009/LUFA/Drivers/USB/Core/ConfigDescriptor.h **** 			 *
 172:../../LUFA-111009/LUFA/Drivers/USB/Core/ConfigDescriptor.h **** 			 * \param[in,out] BytesRem       Pointer to the number of bytes remaining of the configuration d
 173:../../LUFA-111009/LUFA/Drivers/USB/Core/ConfigDescriptor.h **** 			 * \param[in,out] CurrConfigLoc  Pointer to the current descriptor inside the configuration desc
 174:../../LUFA-111009/LUFA/Drivers/USB/Core/ConfigDescriptor.h **** 			 * \param[in]     Type           Descriptor type value to search for.
 175:../../LUFA-111009/LUFA/Drivers/USB/Core/ConfigDescriptor.h **** 			 */
 176:../../LUFA-111009/LUFA/Drivers/USB/Core/ConfigDescriptor.h **** 			void USB_GetNextDescriptorOfType(uint16_t* const BytesRem,
 177:../../LUFA-111009/LUFA/Drivers/USB/Core/ConfigDescriptor.h **** 			                                 void** const CurrConfigLoc,
 178:../../LUFA-111009/LUFA/Drivers/USB/Core/ConfigDescriptor.h **** 			                                 const uint8_t Type)
 179:../../LUFA-111009/LUFA/Drivers/USB/Core/ConfigDescriptor.h **** 			                                 ATTR_NON_NULL_PTR_ARG(1) ATTR_NON_NULL_PTR_ARG(2);
 180:../../LUFA-111009/LUFA/Drivers/USB/Core/ConfigDescriptor.h **** 
 181:../../LUFA-111009/LUFA/Drivers/USB/Core/ConfigDescriptor.h **** 			/** Skips to the next sub-descriptor inside the configuration descriptor of the specified type v
 182:../../LUFA-111009/LUFA/Drivers/USB/Core/ConfigDescriptor.h **** 			 *  which must come before a descriptor of the second given type value. If the BeforeType type
 183:../../LUFA-111009/LUFA/Drivers/USB/Core/ConfigDescriptor.h **** 			 *  descriptor is reached first, the number of bytes remaining to process is set to zero and the
 184:../../LUFA-111009/LUFA/Drivers/USB/Core/ConfigDescriptor.h **** 			 *  function exits. The bytes remaining value is automatically decremented.
 185:../../LUFA-111009/LUFA/Drivers/USB/Core/ConfigDescriptor.h **** 			 *
 186:../../LUFA-111009/LUFA/Drivers/USB/Core/ConfigDescriptor.h **** 			 * \param[in,out] BytesRem       Pointer to the number of bytes remaining of the configuration d
 187:../../LUFA-111009/LUFA/Drivers/USB/Core/ConfigDescriptor.h **** 			 * \param[in,out] CurrConfigLoc  Pointer to the current descriptor inside the configuration desc
 188:../../LUFA-111009/LUFA/Drivers/USB/Core/ConfigDescriptor.h **** 			 * \param[in]     Type           Descriptor type value to search for.
 189:../../LUFA-111009/LUFA/Drivers/USB/Core/ConfigDescriptor.h **** 			 * \param[in]     BeforeType     Descriptor type value which must not be reached before the give
 190:../../LUFA-111009/LUFA/Drivers/USB/Core/ConfigDescriptor.h **** 			 */
 191:../../LUFA-111009/LUFA/Drivers/USB/Core/ConfigDescriptor.h **** 			void USB_GetNextDescriptorOfTypeBefore(uint16_t* const BytesRem,
 192:../../LUFA-111009/LUFA/Drivers/USB/Core/ConfigDescriptor.h **** 			                                       void** const CurrConfigLoc,
 193:../../LUFA-111009/LUFA/Drivers/USB/Core/ConfigDescriptor.h **** 			                                       const uint8_t Type,
 194:../../LUFA-111009/LUFA/Drivers/USB/Core/ConfigDescriptor.h **** 			                                       const uint8_t BeforeType)
 195:../../LUFA-111009/LUFA/Drivers/USB/Core/ConfigDescriptor.h **** 			                                       ATTR_NON_NULL_PTR_ARG(1) ATTR_NON_NULL_PTR_ARG(2);
 196:../../LUFA-111009/LUFA/Drivers/USB/Core/ConfigDescriptor.h **** 
 197:../../LUFA-111009/LUFA/Drivers/USB/Core/ConfigDescriptor.h **** 			/** Skips to the next sub-descriptor inside the configuration descriptor of the specified type v
 198:../../LUFA-111009/LUFA/Drivers/USB/Core/ConfigDescriptor.h **** 			 *  which must come after a descriptor of the second given type value. The bytes remaining value
 199:../../LUFA-111009/LUFA/Drivers/USB/Core/ConfigDescriptor.h **** 			 *  automatically decremented.
 200:../../LUFA-111009/LUFA/Drivers/USB/Core/ConfigDescriptor.h **** 			 *
 201:../../LUFA-111009/LUFA/Drivers/USB/Core/ConfigDescriptor.h **** 			 * \param[in,out] BytesRem       Pointer to the number of bytes remaining of the configuration d
 202:../../LUFA-111009/LUFA/Drivers/USB/Core/ConfigDescriptor.h **** 			 * \param[in,out] CurrConfigLoc  Pointer to the current descriptor inside the configuration desc
 203:../../LUFA-111009/LUFA/Drivers/USB/Core/ConfigDescriptor.h **** 			 * \param[in]     Type           Descriptor type value to search for.
 204:../../LUFA-111009/LUFA/Drivers/USB/Core/ConfigDescriptor.h **** 			 * \param[in]     AfterType      Descriptor type value which must be reached before the given Ty
 205:../../LUFA-111009/LUFA/Drivers/USB/Core/ConfigDescriptor.h **** 			 */
 206:../../LUFA-111009/LUFA/Drivers/USB/Core/ConfigDescriptor.h **** 			void USB_GetNextDescriptorOfTypeAfter(uint16_t* const BytesRem,
 207:../../LUFA-111009/LUFA/Drivers/USB/Core/ConfigDescriptor.h **** 			                                      void** const CurrConfigLoc,
 208:../../LUFA-111009/LUFA/Drivers/USB/Core/ConfigDescriptor.h **** 			                                      const uint8_t Type,
 209:../../LUFA-111009/LUFA/Drivers/USB/Core/ConfigDescriptor.h **** 			                                      const uint8_t AfterType)
 210:../../LUFA-111009/LUFA/Drivers/USB/Core/ConfigDescriptor.h **** 			                                      ATTR_NON_NULL_PTR_ARG(1) ATTR_NON_NULL_PTR_ARG(2);
 211:../../LUFA-111009/LUFA/Drivers/USB/Core/ConfigDescriptor.h **** 
 212:../../LUFA-111009/LUFA/Drivers/USB/Core/ConfigDescriptor.h **** 			/** Searches for the next descriptor in the given configuration descriptor using a pre-made comp
 213:../../LUFA-111009/LUFA/Drivers/USB/Core/ConfigDescriptor.h **** 			 *  function. The routine updates the position and remaining configuration descriptor bytes valu
 214:../../LUFA-111009/LUFA/Drivers/USB/Core/ConfigDescriptor.h **** 			 *  automatically. If a comparator routine fails a search, the descriptor pointer is retreated b
 215:../../LUFA-111009/LUFA/Drivers/USB/Core/ConfigDescriptor.h **** 			 *  so that the next descriptor search invocation will start from the descriptor which first cau
 216:../../LUFA-111009/LUFA/Drivers/USB/Core/ConfigDescriptor.h **** 			 *  original search to fail. This behaviour allows for one comparator to be used immediately aft
 217:../../LUFA-111009/LUFA/Drivers/USB/Core/ConfigDescriptor.h **** 			 *  has failed, starting the second search from the descriptor which failed the first.
 218:../../LUFA-111009/LUFA/Drivers/USB/Core/ConfigDescriptor.h **** 			 *
 219:../../LUFA-111009/LUFA/Drivers/USB/Core/ConfigDescriptor.h **** 			 *  Comparator functions should be standard functions which accept a pointer to the header of th
 220:../../LUFA-111009/LUFA/Drivers/USB/Core/ConfigDescriptor.h **** 			 *  descriptor inside the configuration descriptor which is being compared, and should return a 
 221:../../LUFA-111009/LUFA/Drivers/USB/Core/ConfigDescriptor.h **** 			 *  the \ref DSearch_Return_ErrorCodes_t enum as a uint8_t value.
 222:../../LUFA-111009/LUFA/Drivers/USB/Core/ConfigDescriptor.h **** 			 *
 223:../../LUFA-111009/LUFA/Drivers/USB/Core/ConfigDescriptor.h **** 			 *  \note This function is available in USB Host mode only.
 224:../../LUFA-111009/LUFA/Drivers/USB/Core/ConfigDescriptor.h **** 			 *
 225:../../LUFA-111009/LUFA/Drivers/USB/Core/ConfigDescriptor.h **** 			 *  \param[in,out] BytesRem           Pointer to an int storing the remaining bytes in the confi
 226:../../LUFA-111009/LUFA/Drivers/USB/Core/ConfigDescriptor.h **** 			 *  \param[in,out] CurrConfigLoc      Pointer to the current position in the configuration descr
 227:../../LUFA-111009/LUFA/Drivers/USB/Core/ConfigDescriptor.h **** 			 *  \param[in]     ComparatorRoutine  Name of the comparator search function to use on the confi
 228:../../LUFA-111009/LUFA/Drivers/USB/Core/ConfigDescriptor.h **** 			 *
 229:../../LUFA-111009/LUFA/Drivers/USB/Core/ConfigDescriptor.h **** 			 *  \return Value of one of the members of the \ref DSearch_Comp_Return_ErrorCodes_t enum.
 230:../../LUFA-111009/LUFA/Drivers/USB/Core/ConfigDescriptor.h **** 			 *
 231:../../LUFA-111009/LUFA/Drivers/USB/Core/ConfigDescriptor.h **** 			 *  Usage Example:
 232:../../LUFA-111009/LUFA/Drivers/USB/Core/ConfigDescriptor.h **** 			 *  \code
 233:../../LUFA-111009/LUFA/Drivers/USB/Core/ConfigDescriptor.h **** 			 *  uint8_t EndpointSearcher(void* CurrentDescriptor); // Comparator Prototype
 234:../../LUFA-111009/LUFA/Drivers/USB/Core/ConfigDescriptor.h **** 			 *
 235:../../LUFA-111009/LUFA/Drivers/USB/Core/ConfigDescriptor.h **** 			 *  uint8_t EndpointSearcher(void* CurrentDescriptor)
 236:../../LUFA-111009/LUFA/Drivers/USB/Core/ConfigDescriptor.h **** 			 *  {
 237:../../LUFA-111009/LUFA/Drivers/USB/Core/ConfigDescriptor.h **** 			 *     if (DESCRIPTOR_TYPE(CurrentDescriptor) == DTYPE_Endpoint)
 238:../../LUFA-111009/LUFA/Drivers/USB/Core/ConfigDescriptor.h **** 			 *         return DESCRIPTOR_SEARCH_Found;
 239:../../LUFA-111009/LUFA/Drivers/USB/Core/ConfigDescriptor.h **** 			 *     else
 240:../../LUFA-111009/LUFA/Drivers/USB/Core/ConfigDescriptor.h **** 			 *         return DESCRIPTOR_SEARCH_NotFound;
 241:../../LUFA-111009/LUFA/Drivers/USB/Core/ConfigDescriptor.h **** 			 *  }
 242:../../LUFA-111009/LUFA/Drivers/USB/Core/ConfigDescriptor.h **** 			 *
 243:../../LUFA-111009/LUFA/Drivers/USB/Core/ConfigDescriptor.h **** 			 *  //...
 244:../../LUFA-111009/LUFA/Drivers/USB/Core/ConfigDescriptor.h **** 			 *  // After retrieving configuration descriptor:
 245:../../LUFA-111009/LUFA/Drivers/USB/Core/ConfigDescriptor.h **** 			 *  if (USB_Host_GetNextDescriptorComp(&BytesRemaining, &CurrentConfigLoc, EndpointSearcher) ==
 246:../../LUFA-111009/LUFA/Drivers/USB/Core/ConfigDescriptor.h **** 			 *      Descriptor_Search_Comp_Found)
 247:../../LUFA-111009/LUFA/Drivers/USB/Core/ConfigDescriptor.h **** 			 *  {
 248:../../LUFA-111009/LUFA/Drivers/USB/Core/ConfigDescriptor.h **** 			 *      // Do something with the endpoint descriptor
 249:../../LUFA-111009/LUFA/Drivers/USB/Core/ConfigDescriptor.h **** 			 *  }
 250:../../LUFA-111009/LUFA/Drivers/USB/Core/ConfigDescriptor.h **** 			 *  \endcode
 251:../../LUFA-111009/LUFA/Drivers/USB/Core/ConfigDescriptor.h **** 			 */
 252:../../LUFA-111009/LUFA/Drivers/USB/Core/ConfigDescriptor.h **** 			uint8_t USB_GetNextDescriptorComp(uint16_t* const BytesRem,
 253:../../LUFA-111009/LUFA/Drivers/USB/Core/ConfigDescriptor.h **** 			                                  void** const CurrConfigLoc,
 254:../../LUFA-111009/LUFA/Drivers/USB/Core/ConfigDescriptor.h **** 			                                  ConfigComparatorPtr_t const ComparatorRoutine);
 255:../../LUFA-111009/LUFA/Drivers/USB/Core/ConfigDescriptor.h **** 
 256:../../LUFA-111009/LUFA/Drivers/USB/Core/ConfigDescriptor.h **** 		/* Inline Functions: */
 257:../../LUFA-111009/LUFA/Drivers/USB/Core/ConfigDescriptor.h **** 			/** Skips over the current sub-descriptor inside the configuration descriptor, so that the point
 258:../../LUFA-111009/LUFA/Drivers/USB/Core/ConfigDescriptor.h **** 			    points to the next sub-descriptor. The bytes remaining value is automatically decremented.
 259:../../LUFA-111009/LUFA/Drivers/USB/Core/ConfigDescriptor.h **** 			 *
 260:../../LUFA-111009/LUFA/Drivers/USB/Core/ConfigDescriptor.h **** 			 * \param[in,out] BytesRem       Pointer to the number of bytes remaining of the configuration d
 261:../../LUFA-111009/LUFA/Drivers/USB/Core/ConfigDescriptor.h **** 			 * \param[in,out] CurrConfigLoc  Pointer to the current descriptor inside the configuration desc
 262:../../LUFA-111009/LUFA/Drivers/USB/Core/ConfigDescriptor.h **** 			 */
 263:../../LUFA-111009/LUFA/Drivers/USB/Core/ConfigDescriptor.h **** 			static inline void USB_GetNextDescriptor(uint16_t* const BytesRem,
 264:../../LUFA-111009/LUFA/Drivers/USB/Core/ConfigDescriptor.h **** 			                                         void** CurrConfigLoc) ATTR_NON_NULL_PTR_ARG(1) ATTR_NON
 265:../../LUFA-111009/LUFA/Drivers/USB/Core/ConfigDescriptor.h **** 			static inline void USB_GetNextDescriptor(uint16_t* const BytesRem,
  49               		.loc 2 265 23 view .LVU7
  50               	.LBB5:
 266:../../LUFA-111009/LUFA/Drivers/USB/Core/ConfigDescriptor.h **** 			                                         void** CurrConfigLoc)
 267:../../LUFA-111009/LUFA/Drivers/USB/Core/ConfigDescriptor.h **** 			{
 268:../../LUFA-111009/LUFA/Drivers/USB/Core/ConfigDescriptor.h **** 				uint16_t CurrDescriptorSize = DESCRIPTOR_CAST(*CurrConfigLoc, USB_Descriptor_Header_t).Size;
  51               		.loc 2 268 5 view .LVU8
  52               		.loc 2 268 35 is_stmt 0 view .LVU9
  53 0010 CD91      		ld r28,X+
  54 0012 DC91      		ld r29,X
  55 0014 1197      		sbiw r26,1
  56               		.loc 2 268 14 view .LVU10
  57 0016 2881      		ld r18,Y
  58 0018 622F      		mov r22,r18
  59 001a 70E0      		ldi r23,0
  60               	.LVL3:
 269:../../LUFA-111009/LUFA/Drivers/USB/Core/ConfigDescriptor.h **** 				
 270:../../LUFA-111009/LUFA/Drivers/USB/Core/ConfigDescriptor.h **** 				if (*BytesRem < CurrDescriptorSize)
  61               		.loc 2 270 5 is_stmt 1 view .LVU11
  62 001c 2817      		cp r18,r24
  63 001e 1906      		cpc __zero_reg__,r25
  64 0020 00F4      		brsh .L3
  65 0022 CB01      		movw r24,r22
  66               	.L3:
  67               	.LVL4:
 271:../../LUFA-111009/LUFA/Drivers/USB/Core/ConfigDescriptor.h **** 				  CurrDescriptorSize = *BytesRem;
 272:../../LUFA-111009/LUFA/Drivers/USB/Core/ConfigDescriptor.h **** 
 273:../../LUFA-111009/LUFA/Drivers/USB/Core/ConfigDescriptor.h **** 				*CurrConfigLoc  = (void*)((uintptr_t)*CurrConfigLoc + CurrDescriptorSize);
  68               		.loc 2 273 5 view .LVU12
  69               		.loc 2 273 57 is_stmt 0 view .LVU13
  70 0024 C80F      		add r28,r24
  71 0026 D91F      		adc r29,r25
  72               		.loc 2 273 21 view .LVU14
  73 0028 1196      		adiw r26,1
  74 002a DC93      		st X,r29
  75 002c CE93      		st -X,r28
 274:../../LUFA-111009/LUFA/Drivers/USB/Core/ConfigDescriptor.h **** 				*BytesRem      -= CurrDescriptorSize;
  76               		.loc 2 274 5 is_stmt 1 view .LVU15
  77               		.loc 2 274 20 is_stmt 0 view .LVU16
  78 002e 2081      		ld r18,Z
  79 0030 3181      		ldd r19,Z+1
  80 0032 281B      		sub r18,r24
  81 0034 390B      		sbc r19,r25
  82 0036 3183      		std Z+1,r19
  83 0038 2083      		st Z,r18
  84               	.LVL5:
  85               		.loc 2 274 20 view .LVU17
  86               	.LBE5:
  87               	.LBE4:
  81:../../LUFA-111009/LUFA/Drivers/USB/Core/ConfigDescriptor.c **** 
  82:../../LUFA-111009/LUFA/Drivers/USB/Core/ConfigDescriptor.c **** 		if (DESCRIPTOR_TYPE(*CurrConfigLoc) == Type)
  88               		.loc 1 82 3 is_stmt 1 view .LVU18
  89               		.loc 1 82 7 is_stmt 0 view .LVU19
  90 003a CD91      		ld r28,X+
  91 003c DC91      		ld r29,X
  92 003e 1197      		sbiw r26,1
  93               		.loc 1 82 6 view .LVU20
  94 0040 8981      		ldd r24,Y+1
  95 0042 8413      		cpse r24,r20
  96 0044 00C0      		rjmp .L2
  97               	.L1:
  98               	/* epilogue start */
  83:../../LUFA-111009/LUFA/Drivers/USB/Core/ConfigDescriptor.c **** 		  return;
  84:../../LUFA-111009/LUFA/Drivers/USB/Core/ConfigDescriptor.c **** 	}
  85:../../LUFA-111009/LUFA/Drivers/USB/Core/ConfigDescriptor.c **** }
  99               		.loc 1 85 1 view .LVU21
 100 0046 DF91      		pop r29
 101 0048 CF91      		pop r28
 102 004a 0895      		ret
 103               		.cfi_endproc
 104               	.LFE82:
 106               		.section	.text.USB_GetNextDescriptorOfTypeBefore,"ax",@progbits
 107               	.global	USB_GetNextDescriptorOfTypeBefore
 109               	USB_GetNextDescriptorOfTypeBefore:
 110               	.LVL6:
 111               	.LFB83:
  86:../../LUFA-111009/LUFA/Drivers/USB/Core/ConfigDescriptor.c **** 
  87:../../LUFA-111009/LUFA/Drivers/USB/Core/ConfigDescriptor.c **** void USB_GetNextDescriptorOfTypeBefore(uint16_t* const BytesRem,
  88:../../LUFA-111009/LUFA/Drivers/USB/Core/ConfigDescriptor.c ****                                        void** const CurrConfigLoc,
  89:../../LUFA-111009/LUFA/Drivers/USB/Core/ConfigDescriptor.c ****                                        const uint8_t Type,
  90:../../LUFA-111009/LUFA/Drivers/USB/Core/ConfigDescriptor.c ****                                        const uint8_t BeforeType)
  91:../../LUFA-111009/LUFA/Drivers/USB/Core/ConfigDescriptor.c **** {
 112               		.loc 1 91 1 is_stmt 1 view -0
 113               		.cfi_startproc
 114               		.loc 1 91 1 is_stmt 0 view .LVU23
 115 0000 CF93      		push r28
 116               	.LCFI2:
 117               		.cfi_def_cfa_offset 3
 118               		.cfi_offset 28, -2
 119 0002 DF93      		push r29
 120               	.LCFI3:
 121               		.cfi_def_cfa_offset 4
 122               		.cfi_offset 29, -3
 123               	/* prologue: function */
 124               	/* frame size = 0 */
 125               	/* stack size = 2 */
 126               	.L__stack_usage = 2
 127 0004 FC01      		movw r30,r24
 128 0006 DB01      		movw r26,r22
  92:../../LUFA-111009/LUFA/Drivers/USB/Core/ConfigDescriptor.c **** 	while (*BytesRem)
 129               		.loc 1 92 2 is_stmt 1 view .LVU24
 130               	.LVL7:
 131               	.L8:
 132               		.loc 1 92 8 view .LVU25
 133               		.loc 1 92 9 is_stmt 0 view .LVU26
 134 0008 8081      		ld r24,Z
 135 000a 9181      		ldd r25,Z+1
 136               		.loc 1 92 8 view .LVU27
 137 000c 0097      		sbiw r24,0
 138 000e 01F0      		breq .L7
  93:../../LUFA-111009/LUFA/Drivers/USB/Core/ConfigDescriptor.c **** 	{
  94:../../LUFA-111009/LUFA/Drivers/USB/Core/ConfigDescriptor.c **** 		USB_GetNextDescriptor(BytesRem, CurrConfigLoc);
 139               		.loc 1 94 3 is_stmt 1 view .LVU28
 140               	.LVL8:
 141               	.LBB8:
 142               	.LBI8:
 265:../../LUFA-111009/LUFA/Drivers/USB/Core/ConfigDescriptor.h **** 			                                         void** CurrConfigLoc)
 143               		.loc 2 265 23 view .LVU29
 144               	.LBB9:
 268:../../LUFA-111009/LUFA/Drivers/USB/Core/ConfigDescriptor.h **** 				
 145               		.loc 2 268 5 view .LVU30
 268:../../LUFA-111009/LUFA/Drivers/USB/Core/ConfigDescriptor.h **** 				
 146               		.loc 2 268 35 is_stmt 0 view .LVU31
 147 0010 CD91      		ld r28,X+
 148 0012 DC91      		ld r29,X
 149 0014 1197      		sbiw r26,1
 268:../../LUFA-111009/LUFA/Drivers/USB/Core/ConfigDescriptor.h **** 				
 150               		.loc 2 268 14 view .LVU32
 151 0016 3881      		ld r19,Y
 152 0018 632F      		mov r22,r19
 153 001a 70E0      		ldi r23,0
 154               	.LVL9:
 270:../../LUFA-111009/LUFA/Drivers/USB/Core/ConfigDescriptor.h **** 				  CurrDescriptorSize = *BytesRem;
 155               		.loc 2 270 5 is_stmt 1 view .LVU33
 156 001c 3817      		cp r19,r24
 157 001e 1906      		cpc __zero_reg__,r25
 158 0020 00F4      		brsh .L9
 159 0022 CB01      		movw r24,r22
 160               	.L9:
 161               	.LVL10:
 273:../../LUFA-111009/LUFA/Drivers/USB/Core/ConfigDescriptor.h **** 				*BytesRem      -= CurrDescriptorSize;
 162               		.loc 2 273 5 view .LVU34
 273:../../LUFA-111009/LUFA/Drivers/USB/Core/ConfigDescriptor.h **** 				*BytesRem      -= CurrDescriptorSize;
 163               		.loc 2 273 57 is_stmt 0 view .LVU35
 164 0024 C80F      		add r28,r24
 165 0026 D91F      		adc r29,r25
 273:../../LUFA-111009/LUFA/Drivers/USB/Core/ConfigDescriptor.h **** 				*BytesRem      -= CurrDescriptorSize;
 166               		.loc 2 273 21 view .LVU36
 167 0028 1196      		adiw r26,1
 168 002a DC93      		st X,r29
 169 002c CE93      		st -X,r28
 170               		.loc 2 274 5 is_stmt 1 view .LVU37
 171               		.loc 2 274 20 is_stmt 0 view .LVU38
 172 002e 6081      		ld r22,Z
 173 0030 7181      		ldd r23,Z+1
 174 0032 681B      		sub r22,r24
 175 0034 790B      		sbc r23,r25
 176 0036 7183      		std Z+1,r23
 177 0038 6083      		st Z,r22
 178               	.LVL11:
 179               		.loc 2 274 20 view .LVU39
 180               	.LBE9:
 181               	.LBE8:
  95:../../LUFA-111009/LUFA/Drivers/USB/Core/ConfigDescriptor.c **** 
  96:../../LUFA-111009/LUFA/Drivers/USB/Core/ConfigDescriptor.c **** 		if (DESCRIPTOR_TYPE(*CurrConfigLoc) == Type)
 182               		.loc 1 96 3 is_stmt 1 view .LVU40
 183               		.loc 1 96 7 is_stmt 0 view .LVU41
 184 003a CD91      		ld r28,X+
 185 003c DC91      		ld r29,X
 186 003e 1197      		sbiw r26,1
 187 0040 8981      		ldd r24,Y+1
 188               		.loc 1 96 6 view .LVU42
 189 0042 8417      		cp r24,r20
 190 0044 01F0      		breq .L7
  97:../../LUFA-111009/LUFA/Drivers/USB/Core/ConfigDescriptor.c **** 		{
  98:../../LUFA-111009/LUFA/Drivers/USB/Core/ConfigDescriptor.c **** 			return;
  99:../../LUFA-111009/LUFA/Drivers/USB/Core/ConfigDescriptor.c **** 		}
 100:../../LUFA-111009/LUFA/Drivers/USB/Core/ConfigDescriptor.c **** 		else if (DESCRIPTOR_TYPE(*CurrConfigLoc) == BeforeType)
 191               		.loc 1 100 8 is_stmt 1 view .LVU43
 192               		.loc 1 100 11 is_stmt 0 view .LVU44
 193 0046 8213      		cpse r24,r18
 194 0048 00C0      		rjmp .L8
 101:../../LUFA-111009/LUFA/Drivers/USB/Core/ConfigDescriptor.c **** 		{
 102:../../LUFA-111009/LUFA/Drivers/USB/Core/ConfigDescriptor.c **** 			*BytesRem = 0;
 195               		.loc 1 102 4 is_stmt 1 view .LVU45
 196               		.loc 1 102 14 is_stmt 0 view .LVU46
 197 004a 1182      		std Z+1,__zero_reg__
 198 004c 1082      		st Z,__zero_reg__
 103:../../LUFA-111009/LUFA/Drivers/USB/Core/ConfigDescriptor.c **** 			return;
 199               		.loc 1 103 4 is_stmt 1 view .LVU47
 200               	.L7:
 201               	/* epilogue start */
 104:../../LUFA-111009/LUFA/Drivers/USB/Core/ConfigDescriptor.c **** 		}
 105:../../LUFA-111009/LUFA/Drivers/USB/Core/ConfigDescriptor.c **** 	}
 106:../../LUFA-111009/LUFA/Drivers/USB/Core/ConfigDescriptor.c **** }
 202               		.loc 1 106 1 is_stmt 0 view .LVU48
 203 004e DF91      		pop r29
 204 0050 CF91      		pop r28
 205 0052 0895      		ret
 206               		.cfi_endproc
 207               	.LFE83:
 209               		.section	.text.USB_GetNextDescriptorOfTypeAfter,"ax",@progbits
 210               	.global	USB_GetNextDescriptorOfTypeAfter
 212               	USB_GetNextDescriptorOfTypeAfter:
 213               	.LVL12:
 214               	.LFB84:
 107:../../LUFA-111009/LUFA/Drivers/USB/Core/ConfigDescriptor.c **** 
 108:../../LUFA-111009/LUFA/Drivers/USB/Core/ConfigDescriptor.c **** void USB_GetNextDescriptorOfTypeAfter(uint16_t* const BytesRem,
 109:../../LUFA-111009/LUFA/Drivers/USB/Core/ConfigDescriptor.c ****                                       void** const CurrConfigLoc,
 110:../../LUFA-111009/LUFA/Drivers/USB/Core/ConfigDescriptor.c ****                                       const uint8_t Type,
 111:../../LUFA-111009/LUFA/Drivers/USB/Core/ConfigDescriptor.c ****                                       const uint8_t AfterType)
 112:../../LUFA-111009/LUFA/Drivers/USB/Core/ConfigDescriptor.c **** {
 215               		.loc 1 112 1 is_stmt 1 view -0
 216               		.cfi_startproc
 217               		.loc 1 112 1 is_stmt 0 view .LVU50
 218 0000 FF92      		push r15
 219               	.LCFI4:
 220               		.cfi_def_cfa_offset 3
 221               		.cfi_offset 15, -2
 222 0002 0F93      		push r16
 223               	.LCFI5:
 224               		.cfi_def_cfa_offset 4
 225               		.cfi_offset 16, -3
 226 0004 1F93      		push r17
 227               	.LCFI6:
 228               		.cfi_def_cfa_offset 5
 229               		.cfi_offset 17, -4
 230 0006 CF93      		push r28
 231               	.LCFI7:
 232               		.cfi_def_cfa_offset 6
 233               		.cfi_offset 28, -5
 234 0008 DF93      		push r29
 235               	.LCFI8:
 236               		.cfi_def_cfa_offset 7
 237               		.cfi_offset 29, -6
 238               	/* prologue: function */
 239               	/* frame size = 0 */
 240               	/* stack size = 5 */
 241               	.L__stack_usage = 5
 242 000a EC01      		movw r28,r24
 243 000c 8B01      		movw r16,r22
 244 000e F42E      		mov r15,r20
 245 0010 422F      		mov r20,r18
 246               	.LVL13:
 113:../../LUFA-111009/LUFA/Drivers/USB/Core/ConfigDescriptor.c **** 	USB_GetNextDescriptorOfType(BytesRem, CurrConfigLoc, AfterType);
 247               		.loc 1 113 2 is_stmt 1 view .LVU51
 248 0012 0E94 0000 		call USB_GetNextDescriptorOfType
 249               	.LVL14:
 114:../../LUFA-111009/LUFA/Drivers/USB/Core/ConfigDescriptor.c **** 
 115:../../LUFA-111009/LUFA/Drivers/USB/Core/ConfigDescriptor.c **** 	if (*BytesRem)
 250               		.loc 1 115 2 view .LVU52
 251               		.loc 1 115 5 is_stmt 0 view .LVU53
 252 0016 8881      		ld r24,Y
 253 0018 9981      		ldd r25,Y+1
 254 001a 892B      		or r24,r25
 255 001c 01F0      		breq .L15
 116:../../LUFA-111009/LUFA/Drivers/USB/Core/ConfigDescriptor.c **** 	  USB_GetNextDescriptorOfType(BytesRem, CurrConfigLoc, Type);
 256               		.loc 1 116 4 is_stmt 1 view .LVU54
 257 001e 4F2D      		mov r20,r15
 258 0020 B801      		movw r22,r16
 259 0022 CE01      		movw r24,r28
 260               	/* epilogue start */
 117:../../LUFA-111009/LUFA/Drivers/USB/Core/ConfigDescriptor.c **** }
 261               		.loc 1 117 1 is_stmt 0 view .LVU55
 262 0024 DF91      		pop r29
 263 0026 CF91      		pop r28
 264               	.LVL15:
 265               		.loc 1 117 1 view .LVU56
 266 0028 1F91      		pop r17
 267 002a 0F91      		pop r16
 268               	.LVL16:
 269               		.loc 1 117 1 view .LVU57
 270 002c FF90      		pop r15
 271               	.LVL17:
 116:../../LUFA-111009/LUFA/Drivers/USB/Core/ConfigDescriptor.c **** 	  USB_GetNextDescriptorOfType(BytesRem, CurrConfigLoc, Type);
 272               		.loc 1 116 4 view .LVU58
 273 002e 0C94 0000 		jmp USB_GetNextDescriptorOfType
 274               	.LVL18:
 275               	.L15:
 276               	/* epilogue start */
 277               		.loc 1 117 1 view .LVU59
 278 0032 DF91      		pop r29
 279 0034 CF91      		pop r28
 280               	.LVL19:
 281               		.loc 1 117 1 view .LVU60
 282 0036 1F91      		pop r17
 283 0038 0F91      		pop r16
 284               	.LVL20:
 285               		.loc 1 117 1 view .LVU61
 286 003a FF90      		pop r15
 287               	.LVL21:
 288               		.loc 1 117 1 view .LVU62
 289 003c 0895      		ret
 290               		.cfi_endproc
 291               	.LFE84:
 293               		.section	.text.USB_GetNextDescriptorComp,"ax",@progbits
 294               	.global	USB_GetNextDescriptorComp
 296               	USB_GetNextDescriptorComp:
 297               	.LVL22:
 298               	.LFB85:
 118:../../LUFA-111009/LUFA/Drivers/USB/Core/ConfigDescriptor.c **** 
 119:../../LUFA-111009/LUFA/Drivers/USB/Core/ConfigDescriptor.c **** uint8_t USB_GetNextDescriptorComp(uint16_t* const BytesRem,
 120:../../LUFA-111009/LUFA/Drivers/USB/Core/ConfigDescriptor.c ****                                   void** const CurrConfigLoc,
 121:../../LUFA-111009/LUFA/Drivers/USB/Core/ConfigDescriptor.c ****                                   ConfigComparatorPtr_t const ComparatorRoutine)
 122:../../LUFA-111009/LUFA/Drivers/USB/Core/ConfigDescriptor.c **** {
 299               		.loc 1 122 1 is_stmt 1 view -0
 300               		.cfi_startproc
 301               		.loc 1 122 1 is_stmt 0 view .LVU64
 302 0000 AF92      		push r10
 303               	.LCFI9:
 304               		.cfi_def_cfa_offset 3
 305               		.cfi_offset 10, -2
 306 0002 BF92      		push r11
 307               	.LCFI10:
 308               		.cfi_def_cfa_offset 4
 309               		.cfi_offset 11, -3
 310 0004 CF92      		push r12
 311               	.LCFI11:
 312               		.cfi_def_cfa_offset 5
 313               		.cfi_offset 12, -4
 314 0006 DF92      		push r13
 315               	.LCFI12:
 316               		.cfi_def_cfa_offset 6
 317               		.cfi_offset 13, -5
 318 0008 EF92      		push r14
 319               	.LCFI13:
 320               		.cfi_def_cfa_offset 7
 321               		.cfi_offset 14, -6
 322 000a FF92      		push r15
 323               	.LCFI14:
 324               		.cfi_def_cfa_offset 8
 325               		.cfi_offset 15, -7
 326 000c 0F93      		push r16
 327               	.LCFI15:
 328               		.cfi_def_cfa_offset 9
 329               		.cfi_offset 16, -8
 330 000e 1F93      		push r17
 331               	.LCFI16:
 332               		.cfi_def_cfa_offset 10
 333               		.cfi_offset 17, -9
 334 0010 CF93      		push r28
 335               	.LCFI17:
 336               		.cfi_def_cfa_offset 11
 337               		.cfi_offset 28, -10
 338 0012 DF93      		push r29
 339               	.LCFI18:
 340               		.cfi_def_cfa_offset 12
 341               		.cfi_offset 29, -11
 342               	/* prologue: function */
 343               	/* frame size = 0 */
 344               	/* stack size = 10 */
 345               	.L__stack_usage = 10
 346 0014 EC01      		movw r28,r24
 347 0016 8B01      		movw r16,r22
 348 0018 6A01      		movw r12,r20
 123:../../LUFA-111009/LUFA/Drivers/USB/Core/ConfigDescriptor.c **** 	uint8_t ErrorCode;
 349               		.loc 1 123 2 is_stmt 1 view .LVU65
 124:../../LUFA-111009/LUFA/Drivers/USB/Core/ConfigDescriptor.c **** 
 125:../../LUFA-111009/LUFA/Drivers/USB/Core/ConfigDescriptor.c **** 	while (*BytesRem)
 350               		.loc 1 125 2 view .LVU66
 351               	.LVL23:
 352               	.L18:
 353               		.loc 1 125 8 view .LVU67
 354               		.loc 1 125 9 is_stmt 0 view .LVU68
 355 001a E880      		ld r14,Y
 356 001c F980      		ldd r15,Y+1
 357               		.loc 1 125 8 view .LVU69
 358 001e E114      		cp r14,__zero_reg__
 359 0020 F104      		cpc r15,__zero_reg__
 360 0022 01F4      		brne .L21
 126:../../LUFA-111009/LUFA/Drivers/USB/Core/ConfigDescriptor.c **** 	{
 127:../../LUFA-111009/LUFA/Drivers/USB/Core/ConfigDescriptor.c **** 		uint8_t* PrevDescLoc  = *CurrConfigLoc;
 128:../../LUFA-111009/LUFA/Drivers/USB/Core/ConfigDescriptor.c **** 		uint16_t PrevBytesRem = *BytesRem;
 129:../../LUFA-111009/LUFA/Drivers/USB/Core/ConfigDescriptor.c **** 
 130:../../LUFA-111009/LUFA/Drivers/USB/Core/ConfigDescriptor.c **** 		USB_GetNextDescriptor(BytesRem, CurrConfigLoc);
 131:../../LUFA-111009/LUFA/Drivers/USB/Core/ConfigDescriptor.c **** 
 132:../../LUFA-111009/LUFA/Drivers/USB/Core/ConfigDescriptor.c **** 		if ((ErrorCode = ComparatorRoutine(*CurrConfigLoc)) != DESCRIPTOR_SEARCH_NotFound)
 133:../../LUFA-111009/LUFA/Drivers/USB/Core/ConfigDescriptor.c **** 		{
 134:../../LUFA-111009/LUFA/Drivers/USB/Core/ConfigDescriptor.c **** 			if (ErrorCode == DESCRIPTOR_SEARCH_Fail)
 135:../../LUFA-111009/LUFA/Drivers/USB/Core/ConfigDescriptor.c **** 			{
 136:../../LUFA-111009/LUFA/Drivers/USB/Core/ConfigDescriptor.c **** 				*CurrConfigLoc = PrevDescLoc;
 137:../../LUFA-111009/LUFA/Drivers/USB/Core/ConfigDescriptor.c **** 				*BytesRem      = PrevBytesRem;
 138:../../LUFA-111009/LUFA/Drivers/USB/Core/ConfigDescriptor.c **** 			}
 139:../../LUFA-111009/LUFA/Drivers/USB/Core/ConfigDescriptor.c **** 
 140:../../LUFA-111009/LUFA/Drivers/USB/Core/ConfigDescriptor.c **** 			return ErrorCode;
 141:../../LUFA-111009/LUFA/Drivers/USB/Core/ConfigDescriptor.c **** 		}
 142:../../LUFA-111009/LUFA/Drivers/USB/Core/ConfigDescriptor.c **** 	}
 143:../../LUFA-111009/LUFA/Drivers/USB/Core/ConfigDescriptor.c **** 
 144:../../LUFA-111009/LUFA/Drivers/USB/Core/ConfigDescriptor.c **** 	return DESCRIPTOR_SEARCH_COMP_EndOfDescriptor;
 361               		.loc 1 144 9 view .LVU70
 362 0024 82E0      		ldi r24,lo8(2)
 363 0026 00C0      		rjmp .L17
 364               	.L21:
 365               	.LBB13:
 127:../../LUFA-111009/LUFA/Drivers/USB/Core/ConfigDescriptor.c **** 		uint16_t PrevBytesRem = *BytesRem;
 366               		.loc 1 127 3 is_stmt 1 view .LVU71
 127:../../LUFA-111009/LUFA/Drivers/USB/Core/ConfigDescriptor.c **** 		uint16_t PrevBytesRem = *BytesRem;
 367               		.loc 1 127 12 is_stmt 0 view .LVU72
 368 0028 F801      		movw r30,r16
 369 002a A080      		ld r10,Z
 370 002c B180      		ldd r11,Z+1
 371               	.LVL24:
 128:../../LUFA-111009/LUFA/Drivers/USB/Core/ConfigDescriptor.c **** 
 372               		.loc 1 128 3 is_stmt 1 view .LVU73
 130:../../LUFA-111009/LUFA/Drivers/USB/Core/ConfigDescriptor.c **** 
 373               		.loc 1 130 3 view .LVU74
 374               	.LBB14:
 375               	.LBI14:
 265:../../LUFA-111009/LUFA/Drivers/USB/Core/ConfigDescriptor.h **** 			                                         void** CurrConfigLoc)
 376               		.loc 2 265 23 view .LVU75
 377               	.LBB15:
 268:../../LUFA-111009/LUFA/Drivers/USB/Core/ConfigDescriptor.h **** 				
 378               		.loc 2 268 5 view .LVU76
 268:../../LUFA-111009/LUFA/Drivers/USB/Core/ConfigDescriptor.h **** 				
 379               		.loc 2 268 14 is_stmt 0 view .LVU77
 380 002e F501      		movw r30,r10
 381               	.LVL25:
 268:../../LUFA-111009/LUFA/Drivers/USB/Core/ConfigDescriptor.h **** 				
 382               		.loc 2 268 14 view .LVU78
 383 0030 8081      		ld r24,Z
 384 0032 482F      		mov r20,r24
 385 0034 50E0      		ldi r21,0
 386               	.LVL26:
 270:../../LUFA-111009/LUFA/Drivers/USB/Core/ConfigDescriptor.h **** 				  CurrDescriptorSize = *BytesRem;
 387               		.loc 2 270 5 is_stmt 1 view .LVU79
 388 0036 9701      		movw r18,r14
 389 0038 8E15      		cp r24,r14
 390 003a 1F04      		cpc __zero_reg__,r15
 391 003c 00F4      		brsh .L19
 270:../../LUFA-111009/LUFA/Drivers/USB/Core/ConfigDescriptor.h **** 				  CurrDescriptorSize = *BytesRem;
 392               		.loc 2 270 5 is_stmt 0 view .LVU80
 393 003e 9A01      		movw r18,r20
 394               	.L19:
 395               	.LVL27:
 273:../../LUFA-111009/LUFA/Drivers/USB/Core/ConfigDescriptor.h **** 				*BytesRem      -= CurrDescriptorSize;
 396               		.loc 2 273 5 is_stmt 1 view .LVU81
 273:../../LUFA-111009/LUFA/Drivers/USB/Core/ConfigDescriptor.h **** 				*BytesRem      -= CurrDescriptorSize;
 397               		.loc 2 273 57 is_stmt 0 view .LVU82
 398 0040 C501      		movw r24,r10
 399 0042 820F      		add r24,r18
 400 0044 931F      		adc r25,r19
 273:../../LUFA-111009/LUFA/Drivers/USB/Core/ConfigDescriptor.h **** 				*BytesRem      -= CurrDescriptorSize;
 401               		.loc 2 273 21 view .LVU83
 402 0046 F801      		movw r30,r16
 403 0048 9183      		std Z+1,r25
 404 004a 8083      		st Z,r24
 405               		.loc 2 274 5 is_stmt 1 view .LVU84
 406               		.loc 2 274 20 is_stmt 0 view .LVU85
 407 004c 8881      		ld r24,Y
 408 004e 9981      		ldd r25,Y+1
 409 0050 821B      		sub r24,r18
 410 0052 930B      		sbc r25,r19
 411 0054 9983      		std Y+1,r25
 412 0056 8883      		st Y,r24
 413               	.LVL28:
 414               		.loc 2 274 20 view .LVU86
 415               	.LBE15:
 416               	.LBE14:
 132:../../LUFA-111009/LUFA/Drivers/USB/Core/ConfigDescriptor.c **** 		{
 417               		.loc 1 132 3 is_stmt 1 view .LVU87
 132:../../LUFA-111009/LUFA/Drivers/USB/Core/ConfigDescriptor.c **** 		{
 418               		.loc 1 132 20 is_stmt 0 view .LVU88
 419 0058 8081      		ld r24,Z
 420 005a 9181      		ldd r25,Z+1
 421 005c F601      		movw r30,r12
 422 005e 0995      		icall
 423               	.LVL29:
 132:../../LUFA-111009/LUFA/Drivers/USB/Core/ConfigDescriptor.c **** 		{
 424               		.loc 1 132 6 view .LVU89
 425 0060 8230      		cpi r24,lo8(2)
 426 0062 01F0      		breq .L18
 134:../../LUFA-111009/LUFA/Drivers/USB/Core/ConfigDescriptor.c **** 			{
 427               		.loc 1 134 4 is_stmt 1 view .LVU90
 134:../../LUFA-111009/LUFA/Drivers/USB/Core/ConfigDescriptor.c **** 			{
 428               		.loc 1 134 7 is_stmt 0 view .LVU91
 429 0064 8130      		cpi r24,lo8(1)
 430 0066 01F4      		brne .L17
 136:../../LUFA-111009/LUFA/Drivers/USB/Core/ConfigDescriptor.c **** 				*BytesRem      = PrevBytesRem;
 431               		.loc 1 136 5 is_stmt 1 view .LVU92
 136:../../LUFA-111009/LUFA/Drivers/USB/Core/ConfigDescriptor.c **** 				*BytesRem      = PrevBytesRem;
 432               		.loc 1 136 20 is_stmt 0 view .LVU93
 433 0068 F801      		movw r30,r16
 434 006a B182      		std Z+1,r11
 435 006c A082      		st Z,r10
 137:../../LUFA-111009/LUFA/Drivers/USB/Core/ConfigDescriptor.c **** 			}
 436               		.loc 1 137 5 is_stmt 1 view .LVU94
 137:../../LUFA-111009/LUFA/Drivers/USB/Core/ConfigDescriptor.c **** 			}
 437               		.loc 1 137 20 is_stmt 0 view .LVU95
 438 006e F982      		std Y+1,r15
 439 0070 E882      		st Y,r14
 440               	.LVL30:
 441               	.L17:
 442               	/* epilogue start */
 137:../../LUFA-111009/LUFA/Drivers/USB/Core/ConfigDescriptor.c **** 			}
 443               		.loc 1 137 20 view .LVU96
 444               	.LBE13:
 145:../../LUFA-111009/LUFA/Drivers/USB/Core/ConfigDescriptor.c **** }
 445               		.loc 1 145 1 view .LVU97
 446 0072 DF91      		pop r29
 447 0074 CF91      		pop r28
 448               	.LVL31:
 449               		.loc 1 145 1 view .LVU98
 450 0076 1F91      		pop r17
 451 0078 0F91      		pop r16
 452               	.LVL32:
 453               		.loc 1 145 1 view .LVU99
 454 007a FF90      		pop r15
 455 007c EF90      		pop r14
 456 007e DF90      		pop r13
 457 0080 CF90      		pop r12
 458               	.LVL33:
 459               		.loc 1 145 1 view .LVU100
 460 0082 BF90      		pop r11
 461 0084 AF90      		pop r10
 462 0086 0895      		ret
 463               		.cfi_endproc
 464               	.LFE85:
 466               		.text
 467               	.Letext0:
 468               		.file 3 "/usr/local/Cellar/avr-gcc/9.2.0_1/avr/include/stdint.h"
 469               		.file 4 "../../LUFA-111009/LUFA/Drivers/USB/Core/StdRequestType.h"
 470               		.file 5 "../../LUFA-111009/LUFA/Drivers/USB/Core/AVR8/../StdDescriptors.h"
 471               		.file 6 "../../LUFA-111009/LUFA/Drivers/USB/Core/AVR8/../DeviceStandardReq.h"
 472               		.file 7 "../../LUFA-111009/LUFA/Drivers/USB/Core/AVR8/../USBTask.h"
 473               		.file 8 "../../LUFA-111009/LUFA/Drivers/USB/Core/HostStandardReq.h"
DEFINED SYMBOLS
                            *ABS*:0000000000000000 ConfigDescriptor.c
/var/folders/21/48xmffd55532bzn9lrp15kkc0000gn/T//cczKLntT.s:2      *ABS*:000000000000003e __SP_H__
/var/folders/21/48xmffd55532bzn9lrp15kkc0000gn/T//cczKLntT.s:3      *ABS*:000000000000003d __SP_L__
/var/folders/21/48xmffd55532bzn9lrp15kkc0000gn/T//cczKLntT.s:4      *ABS*:000000000000003f __SREG__
/var/folders/21/48xmffd55532bzn9lrp15kkc0000gn/T//cczKLntT.s:5      *ABS*:0000000000000000 __tmp_reg__
/var/folders/21/48xmffd55532bzn9lrp15kkc0000gn/T//cczKLntT.s:6      *ABS*:0000000000000001 __zero_reg__
/var/folders/21/48xmffd55532bzn9lrp15kkc0000gn/T//cczKLntT.s:13     .text.USB_GetNextDescriptorOfType:0000000000000000 USB_GetNextDescriptorOfType
/var/folders/21/48xmffd55532bzn9lrp15kkc0000gn/T//cczKLntT.s:109    .text.USB_GetNextDescriptorOfTypeBefore:0000000000000000 USB_GetNextDescriptorOfTypeBefore
/var/folders/21/48xmffd55532bzn9lrp15kkc0000gn/T//cczKLntT.s:212    .text.USB_GetNextDescriptorOfTypeAfter:0000000000000000 USB_GetNextDescriptorOfTypeAfter
/var/folders/21/48xmffd55532bzn9lrp15kkc0000gn/T//cczKLntT.s:296    .text.USB_GetNextDescriptorComp:0000000000000000 USB_GetNextDescriptorComp

NO UNDEFINED SYMBOLS
